<?xml version="1.0" encoding="UTF-8"?>
<testng-results ignored="0" total="1" passed="1" failed="0" skipped="0">
  <reporter-output>
    <line>
      <![CDATA[create customer]]>
    </line>
  </reporter-output>
  <suite started-at="2023-09-27T16:53:49 IST" name="Suite" finished-at="2023-09-27T16:53:49 IST" duration-ms="94">
    <groups>
    </groups>
    <test started-at="2023-09-27T16:53:49 IST" name="Test" finished-at="2023-09-27T16:53:49 IST" duration-ms="94">
      <class name="com.actiTime.TestScript.CreateCustomer">
        <test-method signature="test()[pri:0, instance:com.actiTime.TestScript.CreateCustomer@65c7a252]" started-at="2023-09-27T16:53:49 IST" name="test" finished-at="2023-09-27T16:53:49 IST" duration-ms="16" status="PASS">
          <reporter-output>
            <line>
              <![CDATA[create customer]]>
            </line>
          </reporter-output>
        </test-method> <!-- test -->
      </class> <!-- com.actiTime.TestScript.CreateCustomer -->
    </test> <!-- Test -->
  </suite> <!-- Suite -->
</testng-results>
